2022-01-14-14:16:06 902556348967976991 Tsekho#7777 restore 
2022-01-14-14:42:23 902556348967976991 Tsekho#7777 get-permissions 
2022-01-15-00:57:03 902556348967976991 Beverlywood#0001 block https://steamcommunity.com/id/tylerwinklevoss/
2022-01-15-06:57:12 902556348967976991 Frosty88#2001 check https://steamcommunity.com/id/jeRaff
2022-01-15-06:58:02 902556348967976991 Frosty88#2001 block https://steamcommunity.com/profiles/76561198178578605/
2022-01-15-07:04:50 902556348967976991 Frosty88#2001 check https://steamcommunity.com/profiles/76561198064581925/
2022-01-15-07:07:52 902556348967976991 Frosty88#2001 check https://steamcommunity.com/profiles/76561198040872892/
2022-01-15-07:11:49 902556348967976991 Frosty88#2001 check https://steamcommunity.com/profiles/76561198192783681/
2022-01-15-07:25:41 902556348967976991 Frosty88#2001 block https://steamcommunity.com/profiles/76561198192783681/
2022-01-17-15:09:54 902556348967976991 Tsekho#7777 block profiles/76561199234666057
2022-01-17-19:13:05 902556348967976991 Beverlywood#0001 block https://steamcommunity.com/id/gsgsgsgsgsgsgs/
2022-01-18-00:30:53 902556348967976991 Tsekho#7777 check https://steamcommunity.com/profiles/76561198080168001/
2022-01-18-05:14:51 902556348967976991 Frosty88#2001 check https://steamcommunity.com/id/hydnoffical/
2022-01-18-05:15:27 902556348967976991 Frosty88#2001 check https://steamcommunity.com/profiles/76561198082553994/
2022-01-18-05:18:20 902556348967976991 Frosty88#2001 check https://steamcommunity.com/id/Edwardo0709/
2022-01-18-05:20:06 902556348967976991 Frosty88#2001 check https://steamcommunity.com/id/Edwardo0709/
2022-01-18-05:57:05 902556348967976991 Frosty88#2001 block https://steamcommunity.com/profiles/76561199123670504/
2022-01-18-07:00:26 902556348967976991 Frosty88#2001 check https://steamcommunity.com/profiles/76561198086747051/
2022-01-18-08:30:32 902556348967976991 Beverlywood#0001 block neckbeard
2022-01-18-08:30:34 902556348967976991 Fudge#2580 block {https://steamcommunity.com/profiles/76561198073101434/
2022-01-18-09:41:03 902556348967976991 Fudge#2580 check {https://steamcommunity.com/profiles/76561198872017099/
2022-01-18-09:41:58 902556348967976991 Fudge#2580 check {https://steamcommunity.com/profiles/76561199217083121/
2022-01-18-20:53:23 902556348967976991 Tsekho#7777 check https://steamcommunity.com/id/Pexcy/
2022-01-19-04:41:07 902556348967976991 Fudge#2580 check {
2022-01-19-17:49:39 902556348967976991 Tsekho#7777 block https://steamcommunity.com/profiles/76561198007549142/
2022-01-20-05:46:15 902556348967976991 Frosty88#2001 check https://steamcommunity.com/id/7656119817916/
2022-01-20-08:08:34 902556348967976991 Beverlywood#0001 block https://steamcommunity.com/profiles/76561198959446402/
2022-01-21-05:50:58 902556348967976991 Fudge#2580 check {https://steamcommunity.com/profiles/76561199103527881/
2022-01-21-06:15:37 902556348967976991 Beverlywood#0001 block https://steamcommunity.com/id/StemCell21412414212124/
2022-01-21-08:14:05 902556348967976991 Frosty88#2001 check https://steamcommunity.com/profiles/76561198345531564/
2022-01-21-08:14:39 902556348967976991 Frosty88#2001 block https://steamcommunity.com/profiles/76561198345531564/
2022-01-21-08:14:58 902556348967976991 Frosty88#2001 check https://steamcommunity.com/profiles/76561199062592424/
2022-01-21-08:16:41 902556348967976991 Frosty88#2001 help 
2022-01-21-08:17:48 902556348967976991 Frosty88#2001 edit https://steamcommunity.com/profiles/76561198345531564/
2022-01-21-08:22:35 902556348967976991 Frosty88#2001 check https://steamcommunity.com/profiles/76561199227928553/
2022-01-21-08:30:45 902556348967976991 Tsekho#7777 edit https://steamcommunity.com/profiles/76561198345531564/
2022-01-21-08:39:48 902556348967976991 Tsekho#7777 help 
2022-01-21-08:40:18 902556348967976991 Tsekho#7777 get-permissions 
2022-01-21-11:21:46 902556348967976991 Gmathe#4409 block https://steamcommunity.com/profiles/76561198916575563/
2022-01-21-20:44:32 902556348967976991 Tsekho#7777 block https://steamcommunity.com/profiles/76561198264783662/
2022-01-21-20:44:57 902556348967976991 Tsekho#7777 block https://steamcommunity.com/id/aronlait/
2022-01-21-22:52:28 902556348967976991 Gmathe#4409 block https://steamcommunity.com/profiles/76561198116901944/
2022-01-21-23:30:34 902556348967976991 C8owe#5745 block https://steamcommunity.com/profiles/76561198066557895/
2022-01-22-05:35:48 902556348967976991 Fudge#2580 check {https://steamcommunity.com/profiles/76561199062592424/
2022-01-23-13:11:34 902556348967976991 Frosty88#2001 check https://steamcommunity.com/profiles/76561199167684188/
2022-01-23-20:39:06 902556348967976991 Gmathe#4409 block https://steamcommunity.com/id/RealDotz/
2022-01-23-20:39:38 902556348967976991 Gmathe#4409 block https://steamcommunity.com/id/ShowUrTits123/
2022-01-24-03:38:35 902556348967976991 Beverlywood#0001 check https://steamcommunity.com/profiles/76561198116901944/
2022-01-24-10:18:30 902556348967976991 Fudge#2580 check {https://steamcommunity.com/profiles/76561199203340795/
2022-01-24-13:58:42 902556348967976991 Tsekho#7777 help 
2022-01-24-13:58:46 902556348967976991 Tsekho#7777 help 
2022-01-24-14:22:18 902556348967976991 Tsekho#7777 help 
2022-01-24-17:02:11 902556348967976991 Xion#4564 check https://steamcommunity.com/id/RamblingRapids/
2022-01-24-17:02:40 902556348967976991 Xion#4564 check https://steamcommunity.com/id/shredamore/
2022-01-24-17:02:50 902556348967976991 Xion#4564 check 
2022-01-24-17:02:57 902556348967976991 Xion#4564 check https://steamcommunity.com/id/darkavanger92/
2022-01-24-17:03:13 902556348967976991 Xion#4564 check https://steamcommunity.com/profiles/76561198014486702/
2022-01-24-17:36:22 902556348967976991 Xion#4564 block griefing
2022-01-24-17:36:49 902556348967976991 Xion#4564 block https://steamcommunity.com/id/shredamore/
2022-01-24-17:37:15 902556348967976991 Xion#4564 block https://steamcommunity.com/id/alexander988/
2022-01-24-17:38:14 902556348967976991 Xion#4564 edit https://steamcommunity.com/id/alexander988/
2022-01-24-17:38:55 902556348967976991 Xion#4564 block https://steamcommunity.com/id/shredamore/
2022-01-24-17:40:37 902556348967976991 Xion#4564 block https://steamcommunity.com/id/RamblingRapids/
2022-01-24-20:15:03 902556348967976991 Tsekho#7777 block https://steamcommunity.com/profiles/76561198365547598/
2022-01-24-21:12:48 902556348967976991 Tsekho#7777 edit profiles/76561198365547598
2022-01-25-17:45:00 902556348967976991 Xion#4564 check https://steamcommunity.com/profiles/76561198099784602/
2022-01-25-17:45:33 902556348967976991 Xion#4564 check https://steamcommunity.com/profiles/76561198229564440/
2022-01-25-18:21:16 902556348967976991 Xion#4564 check https://steamcommunity.com/profiles/76561198204402659/
2022-01-25-22:49:55 902556348967976991 Beverlywood#0001 check https://steamcommunity.com/id/Rawshawk/
2022-01-25-22:52:48 902556348967976991 Beverlywood#0001 check https://steamcommunity.com/profiles/76561198130845966/
2022-01-25-23:42:41 902556348967976991 Xion#4564 check https://steamcommunity.com/profiles/76561199189820353/
2022-01-25-23:43:17 902556348967976991 C8owe#5745 check https://steamcommunity.com/profiles/76561199014923028/
2022-01-25-23:45:41 902556348967976991 C8owe#5745 check https://steamcommunity.com/profiles/76561199014923028/
2022-01-25-23:46:00 902556348967976991 Beverlywood#0001 check xion
2022-01-25-23:46:21 902556348967976991 Brew#4364 check Walking_Tree
2022-01-25-23:46:38 902556348967976991 zestfulowl50460#6383 check zestfulowl
2022-01-25-23:47:03 902556348967976991 Beverlywood#0001 check https://steamcommunity.com/id/Sexy_Rock_Bandit/
2022-01-25-23:47:08 902556348967976991 Tsekho#7777 block tsekho
2022-01-25-23:48:49 902556348967976991 Beverlywood#0001 help 
2022-01-25-23:49:13 902556348967976991 Xion#4564 check https://steamcommunity.com/profiles/76561199093334595/
2022-01-26-01:11:34 902556348967976991 Tsekho#7777 edit tsekho
2022-01-26-05:15:29 902556348967976991 Fudge#2580 help 
2022-01-26-05:16:05 902556348967976991 Fudge#2580 block {
2022-01-26-05:16:41 902556348967976991 Fudge#2580 help 
2022-01-26-05:17:10 902556348967976991 Fudge#2580 block {https://steamcommunity.com/profiles/76561199094864652/
2022-01-26-06:32:44 902556348967976991 Beverlywood#0001 block https://steamcommunity.com/id/Sexy_Rock_Bandit/
2022-01-26-06:35:58 902556348967976991 Beverlywood#0001 block https://steamcommunity.com/id/antixristvoploti2312/
2022-01-26-09:48:56 902556348967976991 Frosty88#2001 check https://steamcommunity.com/id/6665656/
2022-01-27-22:50:09 902556348967976991 C8owe#5745 check https://steamcommunity.com/id/zestfulowl/
2022-01-27-23:23:47 902556348967976991 C8owe#5745 block https://steamcommunity.com/profiles/76561199145916155/
2022-01-28-22:20:48 902556348967976991 Beverlywood#0001 check https://steamcommunity.com/profiles/76561198042895442/
2022-01-28-23:23:56 902556348967976991 C8owe#5745 check https://steamcommunity.com/id/C8owe/
2022-01-28-23:43:29 902556348967976991 Beverlywood#0001 check https://steamcommunity.com/profiles/76561198090383257/
2022-01-28-23:43:57 902556348967976991 Beverlywood#0001 check https://steamcommunity.com/profiles/76561198071695108/
2022-01-28-23:44:27 902556348967976991 Beverlywood#0001 check https://steamcommunity.com/id/Losung/
2022-01-29-21:58:38 902556348967976991 C8owe#5745 check https://steamcommunity.com/profiles/76561198040217457/
2022-01-29-23:14:53 902556348967976991 Beverlywood#0001 check https://steamcommunity.com/id/hdyjdftjhdrtd/
2022-01-29-23:20:24 902556348967976991 Beverlywood#0001 check https://steamcommunity.com/id/feaksyfaecoupar/
2022-01-30-01:08:02 902556348967976991 Beverlywood#0001 check https://steamcommunity.com/profiles/76561198014939557/
2022-01-31-00:13:04 902556348967976991 C8owe#5745 block https://steamcommunity.com/profiles/76561198024676074/
2022-01-31-18:11:50 902556348967976991 Xion#4564 check https://steamcommunity.com/id/912121/
2022-01-31-18:12:00 902556348967976991 Xion#4564 check tsekho
2022-01-31-19:44:50 902556348967976991 C8owe#5745 block https://steamcommunity.com/profiles/76561199086284378/
2022-01-31-22:04:23 902556348967976991 C8owe#5745 block https://steamcommunity.com/id/912121/
2022-01-31-22:06:16 902556348967976991 Xion#4564 help 
2022-01-31-22:30:58 902556348967976991 Blenheim#2940 block https://steamcommunity.com/id/912121/
2022-02-01-04:28:41 902556348967976991 Gmathe#4409 block https://steamcommunity.com/id/0GB0NGSN1P3R/
2022-02-01-05:47:10 902556348967976991 Beverlywood#0001 block https://steamcommunity.com/profiles/76561198268568097/
2022-02-01-05:58:41 902556348967976991 Fudge#2580 help 
2022-02-01-05:59:04 902556348967976991 Fudge#2580 block https://steamcommunity.com/profiles/76561198083150282/
2022-02-02-03:26:03 902556348967976991 Fudge#2580 block https://steamcommunity.com/id/prevaid/
2022-02-02-10:24:28 902556348967976991 Fudge#2580 check daniel
2022-02-04-11:18:45 902556348967976991 AtypicalMelody#2001 check https://steamcommunity.com/profiles/76561198009776511/
2022-02-04-11:19:11 902556348967976991 AtypicalMelody#2001 check https://steamcommunity.com/profiles/76561198011262449/
2022-02-04-11:19:40 902556348967976991 AtypicalMelody#2001 check https://steamcommunity.com/profiles/76561198011262449/
2022-02-04-11:20:26 902556348967976991 AtypicalMelody#2001 check https://steamcommunity.com/profiles/76561198019972894/
2022-02-04-11:20:51 902556348967976991 AtypicalMelody#2001 check https://steamcommunity.com/profiles/76561198019972894/
2022-02-04-11:31:10 902556348967976991 AtypicalMelody#2001 check https://steamcommunity.com/profiles/76561198053374070/
2022-02-04-11:31:24 902556348967976991 AtypicalMelody#2001 check https://steamcommunity.com/profiles/76561198053374070/
2022-02-04-12:43:22 902556348967976991 AtypicalMelody#2001 check https://steamcommunity.com/profiles/76561198024746421/
2022-02-04-13:29:14 902556348967976991 AtypicalMelody#2001 check https://steamcommunity.com/profiles/76561197987837900/
2022-02-05-04:56:13 902556348967976991 Beverlywood#0001 check https://steamcommunity.com/profiles/76561198807026375/
2022-02-05-04:57:06 902556348967976991 Beverlywood#0001 check https://steamcommunity.com/profiles/76561199224213170/
2022-02-05-04:57:51 902556348967976991 Beverlywood#0001 check https://steamcommunity.com/id/CommunismStalin/
2022-02-05-04:58:18 902556348967976991 Beverlywood#0001 check https://steamcommunity.com/profiles/76561198879988107/
2022-02-05-05:33:02 902556348967976991 Beverlywood#0001 check https://steamcommunity.com/profiles/76561198089494336/
2022-02-05-05:33:27 902556348967976991 Beverlywood#0001 block https://steamcommunity.com/profiles/76561198089494336/
2022-02-05-05:37:33 902556348967976991 Beverlywood#0001 check https://steamcommunity.com/profiles/76561198039787122/
2022-02-05-07:33:03 902556348967976991 Beverlywood#0001 check https://steamcommunity.com/profiles/76561198048573160/
2022-02-05-09:15:34 902556348967976991 Beverlywood#0001 check https://steamcommunity.com/profiles/76561197993695177/
2022-02-05-09:19:16 902556348967976991 Beverlywood#0001 check https://steamcommunity.com/profiles/76561198024850158/
2022-02-05-09:25:51 902556348967976991 Beverlywood#0001 check https://steamcommunity.com/profiles/76561198007208239/
2022-02-05-16:10:29 902556348967976991 Fudge#2580 check Fudge
2022-02-06-00:20:41 902556348967976991 Beverlywood#0001 check https://steamcommunity.com/id/its_alyx/
2022-02-06-16:49:18 902556348967976991 Xion#4564 block https://steamcommunity.com/profiles/76561198818278283/
2022-02-06-17:03:49 902556348967976991 Xion#4564 check https://steamcommunity.com/profiles/76561198130722556/
2022-02-08-17:18:03 902556348967976991 Xion#4564 block https://steamcommunity.com/profiles/76561198170048441/
2022-02-08-17:18:31 902556348967976991 Xion#4564 block https://steamcommunity.com/profiles/76561198086227734/
2022-02-09-06:22:40 902556348967976991 Beverlywood#0001 check https://steamcommunity.com/profiles/76561198011426215/
2022-02-09-18:43:43 902556348967976991 Xion#4564 check https://steamcommunity.com/id/benyahhman/
2022-02-11-07:24:31 902556348967976991 Beverlywood#0001 check https://steamcommunity.com/profiles/76561199224213170/
2022-02-11-07:28:32 902556348967976991 Beverlywood#0001 check https://steamcommunity.com/profiles/76561198011763377/
2022-02-11-08:16:36 902556348967976991 Beverlywood#0001 check https://steamcommunity.com/profiles/76561198055582528/
2022-02-12-06:26:09 902556348967976991 Beverlywood#0001 check https://steamcommunity.com/profiles/76561199101983823/
2022-02-12-07:09:43 902556348967976991 Beverlywood#0001 check https://steamcommunity.com/profiles/76561198388105443/
2022-02-13-00:59:13 902556348967976991 Beverlywood#0001 check https://steamcommunity.com/id/drunkmers/
2022-02-13-02:44:16 902556348967976991 Beverlywood#0001 check https://steamcommunity.com/id/homelesscaptain/
2022-02-13-02:44:31 902556348967976991 Beverlywood#0001 check https://steamcommunity.com/profiles/76561198832349541/
2022-02-13-05:56:14 902556348967976991 Beverlywood#0001 check https://steamcommunity.com/profiles/76561198011763377/
2022-02-13-06:57:59 902556348967976991 Fudge#2580 check fudge
2022-02-14-07:25:36 902556348967976991 Beverlywood#0001 check https://steamcommunity.com/profiles/76561198028799567/
2022-02-14-14:35:55 902556348967976991 AtypicalMelody#2001 check https://steamcommunity.com/id/thepornisforever/
2022-02-14-14:55:12 902556348967976991 Tsekho#7777 check blenheim
2022-02-15-04:27:59 902556348967976991 Beverlywood#0001 check https://steamcommunity.com/profiles/76561198078515225/
2022-02-17-21:06:55 902556348967976991 Beverlywood#0001 check https://steamcommunity.com/profiles/76561199206348780/
2022-02-17-21:40:35 902556348967976991 Beverlywood#0001 check https://steamcommunity.com/profiles/76561199206348780/
2022-02-18-23:54:31 902556348967976991 Gmathe#4409 block https://steamcommunity.com/profiles/76561198183216626/
2022-02-19-06:51:11 902556348967976991 Beverlywood#0001 check https://steamcommunity.com/profiles/76561198268568097/
2022-02-21-10:35:34 902556348967976991 Beverlywood#0001 check https://steamcommunity.com/profiles/76561198163415968/
2022-02-21-18:24:12 902556348967976991 Xion#4564 check https://steamcommunity.com/profiles/76561198856601707/
2022-02-21-18:33:52 902556348967976991 Xion#4564 check https://steamcommunity.com/profiles/76561197967872698/
2022-02-22-11:22:06 902556348967976991 Beverlywood#0001 block https://steamcommunity.com/profiles/76561199060305930/
2022-02-22-11:22:34 902556348967976991 Beverlywood#0001 block https://steamcommunity.com/profiles/76561199056397920/
2022-02-22-12:50:51 902556348967976991 Beverlywood#0001 check https://steamcommunity.com/profiles/76561199056397920/
2022-02-22-12:51:05 902556348967976991 Beverlywood#0001 check https://steamcommunity.com/profiles/76561199056397920/
2022-02-22-12:51:36 902556348967976991 Beverlywood#0001 check https://steamcommunity.com/profiles/76561199056397920/
2022-02-22-12:55:08 902556348967976991 Beverlywood#0001 check https://steamcommunity.com/profiles/76561198014486702/
2022-02-24-04:00:33 902556348967976991 Fudge#2580 block https://steamcommunity.com/id/alexttt/
2022-02-24-17:23:58 902556348967976991 Xion#4564 check https://steamcommunity.com/profiles/76561198088381055/
2022-02-24-17:24:02 902556348967976991 Xion#4564 block https://steamcommunity.com/profiles/76561198088381055/
2022-02-25-06:13:10 902556348967976991 Gmathe#4409 block https://steamcommunity.com/profiles/76561198991959532
2022-02-25-06:13:42 902556348967976991 Gmathe#4409 block https://steamcommunity.com/profiles/76561199096810929
2022-02-25-10:19:11 902556348967976991 AtypicalMelody#2001 check https://steamcommunity.com/profiles/76561198166104275/
2022-02-25-10:28:20 902556348967976991 AtypicalMelody#2001 check https://steamcommunity.com/profiles/76561198371117647/
2022-02-27-00:52:06 902556348967976991 Beverlywood#0001 block https://steamcommunity.com/profiles/76561199037425859/
2022-02-28-06:40:30 902556348967976991 Beverlywood#0001 block https://steamcommunity.com/id/pootteleporhere/
2022-02-28-08:08:40 902556348967976991 Beverlywood#0001 block https://steamcommunity.com/id/pootteleporhere/
2022-02-28-08:09:21 902556348967976991 Beverlywood#0001 check https://steamcommunity.com/id/pootteleporhere/
2022-02-28-08:13:00 902556348967976991 Beverlywood#0001 block https://steamcommunity.com/id/theChunkdog/
2022-03-01-07:05:25 902556348967976991 Beverlywood#0001 check https://steamcommunity.com/profiles/76561198069810597/
2022-03-10-18:39:45 902556348967976991 Beverlywood#0001 check https://steamcommunity.com/profiles/76561198025875535/
2022-03-16-02:16:11 902556348967976991 Rxchel#8481 help 
2022-03-16-02:16:38 902556348967976991 Rxchel#8481 block https://steamcommunity.com/profiles/76561199239397493/
2022-03-18-20:48:51 902556348967976991 Xion#4564 check https://steamcommunity.com/profiles/76561197976255521/
2022-03-20-18:20:45 902556348967976991 Xion#4564 check https://steamcommunity.com/id/GodEmperorShack/
2022-03-20-18:20:56 902556348967976991 Xion#4564 block https://steamcommunity.com/id/GodEmperorShack/
2022-03-21-22:10:06 902556348967976991 Beverlywood#0001 block tsekho
2022-03-21-22:26:22 902556348967976991 Beverlywood#0001 block tsekho
2022-03-21-22:29:27 902556348967976991 Tsekho#7777 help 
2022-03-21-22:30:26 902556348967976991 Tsekho#7777 restore 
2022-03-31-05:03:20 902556348967976991 Tsekho#7777 check 76561198916575563
2022-04-01-08:38:23 902556348967976991 Fudge#2580 block https://steamcommunity.com/id/IsilithTehroth/
2022-04-02-10:29:09 902556348967976991 Fudge#2580 block https://steamcommunity.com/profiles/76561198818278283/
2022-04-04-03:34:32 902556348967976991 Xion#4564 block https://steamcommunity.com/profiles/76561198081112438/
2022-04-05-02:29:17 902556348967976991 Rxchel#8481 block https://steamcommunity.com/profiles/76561198019726307
2022-04-05-10:25:14 902556348967976991 Beverlywood#0001 check https://steamcommunity.com/profiles/76561199072529161/
2022-04-05-10:26:32 902556348967976991 Beverlywood#0001 check https://steamcommunity.com/profiles/76561198318886483/
2022-04-11-06:09:57 902556348967976991 AtypicalMelody#2001 check https://steamcommunity.com/id/zxzxbzbdsefsfdesdfesdfaeesz/
2022-04-11-06:10:53 902556348967976991 AtypicalMelody#2001 block https://steamcommunity.com/id/zxzxbzbdsefsfdesdfesdfaeesz/
2022-04-11-06:11:33 902556348967976991 AtypicalMelody#2001 block https://steamcommunity.com/profiles/76561198946161255/
2022-04-11-06:11:57 902556348967976991 AtypicalMelody#2001 block https://steamcommunity.com/profiles/76561198946161255/
2022-04-11-06:12:17 902556348967976991 AtypicalMelody#2001 block https://steamcommunity.com/profiles/76561198946161255/
2022-04-21-15:49:32 902556348967976991 AtypicalMelody#2001 check https://steamcommunity.com/id/Erotiksloth/
2022-04-25-06:45:55 902556348967976991 AtypicalMelody#2001 check https://steamcommunity.com/profiles/76561198165739307/
2022-04-25-06:46:04 902556348967976991 AtypicalMelody#2001 block https://steamcommunity.com/profiles/76561198165739307/
2022-04-25-07:02:10 902556348967976991 AtypicalMelody#2001 block https://steamcommunity.com/profiles/76561198827182478/
2022-04-25-07:04:30 902556348967976991 AtypicalMelody#2001 block https://steamcommunity.com/profiles/76561198202734601/
2022-04-26-14:59:54 902556348967976991 AtypicalMelody#2001 block https://steamcommunity.com/profiles/76561198044792899/
2022-04-26-15:43:57 902556348967976991 AtypicalMelody#2001 block https://steamcommunity.com/profiles/76561199243648975/
2022-04-26-16:26:38 902556348967976991 AtypicalMelody#2001 block https://steamcommunity.com/profiles/76561199242775051/
2022-04-26-16:27:17 902556348967976991 AtypicalMelody#2001 block https://steamcommunity.com/profiles/76561199244289503/
2022-04-28-03:30:02 902556348967976991 AtypicalMelody#2001 check https://steamcommunity.com/profiles/76561199231326122/
2022-04-30-10:42:41 902556348967976991 AtypicalMelody#2001 check https://steamcommunity.com/id/primink/
2022-05-01-04:40:42 902556348967976991 AtypicalMelody#2001 block https://steamcommunity.com/profiles/76561198842387596/
2022-05-05-14:09:11 902556348967976991 AtypicalMelody#2001 check https://steamcommunity.com/profiles/76561198392466232/
2022-05-05-14:11:01 902556348967976991 AtypicalMelody#2001 check https://steamcommunity.com/id/Shrubz/
2022-05-20-10:51:16 902556348967976991 AtypicalMelody#2001 block https://steamcommunity.com/id/Barkittinz/
2022-05-21-06:23:00 902556348967976991 AtypicalMelody#2001 check https://steamcommunity.com/profiles/76561198969740920/
2022-05-21-06:26:14 902556348967976991 AtypicalMelody#2001 check https://steamcommunity.com/profiles/76561199234253746/
2022-05-22-15:12:34 902556348967976991 Tsekho#0203 block xion
2022-05-27-16:39:55 902556348967976991 AtypicalMelody#2001 block https://steamcommunity.com/profiles/76561197983492527/
2022-05-30-13:11:22 902556348967976991 AtypicalMelody#2001 check https://steamcommunity.com/profiles/76561198056283652/
2022-06-02-18:55:10 902556348967976991 Fudge#2580 block https://steamcommunity.com/profiles/76561197975855286/
